{"C:\\Users\\monit\\Documents\\proyectos\\empresariales\\dojo-jest\\codeBreaker.js": {"path":"C:\\Users\\monit\\Documents\\proyectos\\empresariales\\dojo-jest\\codeBreaker.js","statementMap":{"0":{"start":{"line":4,"column":4},"end":{"line":4,"column":16}},"1":{"start":{"line":5,"column":16},"end":{"line":5,"column":37}},"2":{"start":{"line":6,"column":4},"end":{"line":6,"column":64}},"3":{"start":{"line":6,"column":35},"end":{"line":6,"column":61}},"4":{"start":{"line":7,"column":4},"end":{"line":9,"column":5}},"5":{"start":{"line":8,"column":8},"end":{"line":8,"column":41}},"6":{"start":{"line":10,"column":4},"end":{"line":10,"column":18}},"7":{"start":{"line":15,"column":4},"end":{"line":15,"column":19}},"8":{"start":{"line":21,"column":18},"end":{"line":21,"column":20}},"9":{"start":{"line":22,"column":19},"end":{"line":22,"column":21}},"10":{"start":{"line":23,"column":4},"end":{"line":23,"column":33}},"11":{"start":{"line":24,"column":4},"end":{"line":26,"column":5}},"12":{"start":{"line":25,"column":8},"end":{"line":25,"column":22}},"13":{"start":{"line":27,"column":4},"end":{"line":36,"column":5}},"14":{"start":{"line":28,"column":20},"end":{"line":28,"column":51}},"15":{"start":{"line":29,"column":8},"end":{"line":35,"column":9}},"16":{"start":{"line":30,"column":12},"end":{"line":34,"column":13}},"17":{"start":{"line":31,"column":16},"end":{"line":31,"column":37}},"18":{"start":{"line":33,"column":16},"end":{"line":33,"column":30}},"19":{"start":{"line":37,"column":4},"end":{"line":37,"column":18}},"20":{"start":{"line":43,"column":0},"end":{"line":43,"column":29}},"21":{"start":{"line":44,"column":0},"end":{"line":44,"column":37}},"22":{"start":{"line":45,"column":0},"end":{"line":45,"column":29}}},"fnMap":{"0":{"name":"start","decl":{"start":{"line":3,"column":9},"end":{"line":3,"column":14}},"loc":{"start":{"line":3,"column":16},"end":{"line":11,"column":1}},"line":3},"1":{"name":"(anonymous_1)","decl":{"start":{"line":6,"column":23},"end":{"line":6,"column":24}},"loc":{"start":{"line":6,"column":34},"end":{"line":6,"column":62}},"line":6},"2":{"name":"setSecret","decl":{"start":{"line":14,"column":9},"end":{"line":14,"column":18}},"loc":{"start":{"line":14,"column":25},"end":{"line":16,"column":1}},"line":14},"3":{"name":"guess","decl":{"start":{"line":20,"column":9},"end":{"line":20,"column":14}},"loc":{"start":{"line":20,"column":21},"end":{"line":39,"column":1}},"line":20}},"branchMap":{"0":{"loc":{"start":{"line":24,"column":4},"end":{"line":26,"column":5}},"type":"if","locations":[{"start":{"line":24,"column":4},"end":{"line":26,"column":5}},{"start":{},"end":{}}],"line":24},"1":{"loc":{"start":{"line":29,"column":8},"end":{"line":35,"column":9}},"type":"if","locations":[{"start":{"line":29,"column":8},"end":{"line":35,"column":9}},{"start":{},"end":{}}],"line":29},"2":{"loc":{"start":{"line":30,"column":12},"end":{"line":34,"column":13}},"type":"if","locations":[{"start":{"line":30,"column":12},"end":{"line":34,"column":13}},{"start":{"line":32,"column":17},"end":{"line":34,"column":13}}],"line":30}},"s":{"0":1,"1":1,"2":1,"3":23,"4":1,"5":3,"6":1,"7":5,"8":5,"9":5,"10":5,"11":5,"12":1,"13":4,"14":16,"15":16,"16":4,"17":2,"18":2,"19":4,"20":1,"21":1,"22":1},"f":{"0":1,"1":23,"2":5,"3":5},"b":{"0":[1,4],"1":[4,12],"2":[2,2]},"_coverageSchema":"1a1c01bbd47fc00a2c39e90264f33305004495a9","hash":"5a49564aa728a203909b4d7d828d461c08cfc26c"}
}
